<?xml version="1.0" encoding="UTF-8"?>
<!-- Generated by org.testng.reporters.JUnitReportReporter -->
<testsuite hostname="DESKTOP-CMMN98B" failures="0" tests="1" name="Generic.BaseClass" time="25.335" errors="0" timestamp="2023-11-18T07:33:05 IST" skipped="0">
  <testcase classname="Generic.BaseClass" name="classConfig" time="25.335"/>
</testsuite> <!-- Generic.BaseClass -->
