<?xml version="1.0" encoding="UTF-8"?>
<!-- Generated by org.testng.reporters.JUnitReportReporter -->
<testsuite hostname="DESKTOP-CMMN98B" failures="0" tests="1" name="Script.Lead" time="4.072" errors="0" timestamp="2023-11-26T05:11:06 IST" skipped="0">
  <testcase classname="Script.Lead" name="test01" time="4.072"/>
  <system-out/>
</testsuite> <!-- Script.Lead -->
